<?xml version="1.0" encoding="UTF-8"?>
<!-- Generated by org.testng.reporters.JUnitXMLReporter -->
<testsuite ignored="0" hostname="PC-Desktop" failures="0" tests="1" name="CrossBrowserTest" time="0.028" errors="0" timestamp="2023-05-14T15:28:59 GMT-05:00">
  <testcase classname="smarttech.ny.TestNGChallenges.CrossBrowserTesting" name="@BeforeMethod initialization" time="-1.684096139284E9">
    <failure type="org.testng.TestNGException" message="
Parameter &amp;apos;CrossBrowser&amp;apos; is required by BeforeMethod on method initialization but has not been marked @Optional or defined
in C:\Users\mahbu\git\CucumberTest\CrossBrowserTest.xml">
      <![CDATA[org.testng.TestNGException: 
Parameter 'CrossBrowser' is required by BeforeMethod on method initialization but has not been marked @Optional or defined
in C:\Users\mahbu\git\CucumberTest\CrossBrowserTest.xml
at java.base/java.util.ArrayList.forEach(ArrayList.java:1511)
... Removed 28 stack frames]]>
    </failure>
  </testcase> <!-- @BeforeMethod initialization -->
  <testcase classname="smarttech.ny.TestNGChallenges.CrossBrowserTesting" name="@AfterMethod getCloseBrowser" time="-1.684096139291E9">
    <skipped/>
  </testcase> <!-- @AfterMethod getCloseBrowser -->
  <testcase classname="smarttech.ny.TestNGChallenges.CrossBrowserTesting" name="getLogIn" time="0.0">
    <skipped/>
  </testcase> <!-- getLogIn -->
</testsuite> <!-- CrossBrowserTest -->
